f:\大作业\五子连珠\release\vc142.pdb
f:\大作业\五子连珠\release\visual_interface.obj
f:\大作业\五子连珠\release\path.obj
f:\大作业\五子连珠\release\main_visual.obj
f:\大作业\五子连珠\release\main_base.obj
f:\大作业\五子连珠\release\main.obj
f:\大作业\五子连珠\release\eliminate.obj
f:\大作业\五子连珠\release\checkerboard.obj
f:\大作业\release\五子连珠.exe
f:\大作业\五子连珠\release\五子连珠.ipdb
f:\大作业\五子连珠\release\五子连珠.iobj
f:\大作业\release\五子连珠.pdb
f:\大作业\五子连珠\release\五子连珠.res
f:\大作业\五子连珠\release\五子连珠.tlog\cl.command.1.tlog
f:\大作业\五子连珠\release\五子连珠.tlog\cl.read.1.tlog
f:\大作业\五子连珠\release\五子连珠.tlog\cl.write.1.tlog
f:\大作业\五子连珠\release\五子连珠.tlog\link.command.1.tlog
f:\大作业\五子连珠\release\五子连珠.tlog\link.read.1.tlog
f:\大作业\五子连珠\release\五子连珠.tlog\link.write.1.tlog
f:\大作业\五子连珠\release\五子连珠.tlog\rc.command.1.tlog
f:\大作业\五子连珠\release\五子连珠.tlog\rc.read.1.tlog
f:\大作业\五子连珠\release\五子连珠.tlog\rc.write.1.tlog
